Arguments: 
  D:\Code software\node.exe D:\Code software\yarn\bin\yarn.js init

PATH: 
  D:\Code software\cmder\vendor\git-for-windows\mingw64\bin;D:\Code software\cmder\vendor\git-for-windows\usr\bin;C:\Users\Administrator\bin;C:\Python39\Scripts;C:\Python39;C:\Windows\system32;C:\Windows;C:\Windows\System32\Wbem;C:\Windows\System32\WindowsPowerShell\v1.0;C:\Windows\System32\OpenSSH;C:\Program Files (x86)\NVIDIA Corporation\PhysX\Common;C:\Program Files\NVIDIA Corporation\NVIDIA NvDLISR;D:\Code software;C:\ProgramData\chocolatey\bin;D:\Code software\yarn\bin;%SystemRoot%\system32;%SystemRoot%;%SystemRoot%\System32\Wbem;%SYSTEMROOT%\System32\WindowsPowerShell\v1.0;%SYSTEMROOT%\System32\OpenSSH;C:\Users\Administrator\AppData\Local\Microsoft\WindowsApps;C:\Users\Administrator\AppData\Local\Programs\Microsoft VS Code\bin;C:\Users\Administrator\AppData\Roaming\npm;C:\Users\Administrator\AppData\Local\Yarn\bin

Yarn version: 
  1.22.5

Node version: 
  16.1.0

Platform: 
  win32 x64

Trace: 
  Error: canceled
      at Interface.<anonymous> (D:\Code software\yarn\lib\cli.js:137009:13)
      at Interface.emit (node:events:365:28)
      at Interface._ttyWrite (node:readline:998:16)
      at ReadStream.onkeypress (node:readline:262:10)
      at ReadStream.emit (node:events:365:28)
      at emitKeys (node:internal/readline/utils:358:14)
      at emitKeys.next (<anonymous>)
      at ReadStream.onData (node:internal/readline/emitKeypressEvents:61:36)
      at ReadStream.emit (node:events:365:28)
      at addChunk (node:internal/streams/readable:314:12)

npm manifest: 
  No manifest

yarn manifest: 
  No manifest

Lockfile: 
  No lockfile
